
 Program  MARK  - Survival Rate Estimation with Capture-Recapture Data
 gfortran(dble/PIM2) Vers. 11.2 Nov 2025  12-Feb-2026 14:04:12    Page  001
  
 - - - - - - - - - - - - - - - - - - - - - - - - - - - - - - - - - - - - - -
 
 Welcome to MARK emily on machine HAMANTTHINKS in subdirectory
   "C:\github\NTRES-6120\Lab 3 - Cormack Jolly Seber" running file "mark009.inp".
 This version was compiled by GCC version 15.2.0 using the options: 
  -cpp -iprefix C:/tdm-gcc-64/mingw64-15-2/bin/../lib/gcc/
  x86_64-w64-mingw32/15.2.0/ -D_MT -D_REENTRANT -U_REENTRANT -D
  dbleprecision -m64 -march=x86-64 -mtune=generic -mthreads -O3 -std=f2023
  -fimplicit-none -ffpe-summary=invalid,zero,overflow,underflow
  -funroll-loops -fno-unsafe-math-optimizations -frounding-math
  -fsignaling-nans -fprefetch-loop-arrays -fall-intrinsics -fopenmp

 This problem will use 11 of 12 possible threads.
 Static thread allocation is used.
 INPUT --- proc title ;

 For procedure title CPU Time was 0.001 secs and System Time was 0.001 secs.
 INPUT --- proc chmatrix occasions= 7 groups= 2 etype= Live Nodes= 101 
 INPUT --- ICMeans NoHist hist= 55 ;
 INPUT ---    time interval 1 1 1 1 1 1 ;
 INPUT ---    glabel(1)=sexFemale;
 INPUT ---    glabel(2)=sexMale;

   * *  WARNING  * *   At least a pair of the encounter histories are duplicates. 

      Number of unique encounter histories read was 32.

      Number of individual covariates read was 0.
      Time interval lengths are all equal to 1.

      Data type number is 1
      Data type is Live Recaptures (CJS)

 For procedure chmatrix CPU Time was 0.001 secs and System Time was 0.001 secs.

Program  MARK  - Survival Rate Estimation with Capture-Recapture Data
 gfortran(dble/PIM2) Vers. 11.2 Nov 2025  12-Feb-2026 14:04:12    Page  002
 - - - - - - - - - - - - - - - - - - - - - - - - - - - - - - - - - - - - - -
 


 INPUT --- proc estimate link=Logit NOLOOP varest=2ndPart    ;
 INPUT --- model={ Phi(~cohort)p(~sex) };
 INPUT ---    group=1 Phi    rows=6 cols=6 Triang ;
 INPUT ---        1 1 1 1 1 1 ;
 INPUT ---        2 2 2 2 2 ;
 INPUT ---        3 3 3 3 ;
 INPUT ---        4 4 4 ;
 INPUT ---        5 5 ;
 INPUT ---        6 ;
 INPUT ---    group=2 Phi    rows=6 cols=6 Triang ;
 INPUT ---        1 1 1 1 1 1 ;
 INPUT ---        2 2 2 2 2 ;
 INPUT ---        3 3 3 3 ;
 INPUT ---        4 4 4 ;
 INPUT ---        5 5 ;
 INPUT ---        6 ;
 INPUT ---    group=1 p    rows=6 cols=6 Triang ;
 INPUT ---        7 7 7 7 7 7 ;
 INPUT ---        7 7 7 7 7 ;
 INPUT ---        7 7 7 7 ;
 INPUT ---        7 7 7 ;
 INPUT ---        7 7 ;
 INPUT ---        7 ;
 INPUT ---    group=2 p    rows=6 cols=6 Triang ;
 INPUT ---        8 8 8 8 8 8 ;
 INPUT ---        8 8 8 8 8 ;
 INPUT ---        8 8 8 8 ;
 INPUT ---        8 8 8 ;
 INPUT ---        8 8 ;
 INPUT ---        8 ;
 INPUT ---    design matrix constraints=8 covariates=8;
 INPUT ---        1 0 0 0 0 0 0 0;
 INPUT ---        1 1 0 0 0 0 0 0;
 INPUT ---        1 0 1 0 0 0 0 0;
 INPUT ---        1 0 0 1 0 0 0 0;
 INPUT ---        1 0 0 0 1 0 0 0;
 INPUT ---        1 0 0 0 0 1 0 0;
 INPUT ---        0 0 0 0 0 0 1 0;
 INPUT ---        0 0 0 0 0 0 1 1;
 INPUT ---       blabel(1)=Phi:(Intercept);
 INPUT ---       blabel(2)=Phi:cohort2;
 INPUT ---       blabel(3)=Phi:cohort3;
 INPUT ---       blabel(4)=Phi:cohort4;
 INPUT ---       blabel(5)=Phi:cohort5;

Program  MARK  - Survival Rate Estimation with Capture-Recapture Data
 gfortran(dble/PIM2) Vers. 11.2 Nov 2025  12-Feb-2026 14:04:12    Page  003
 - - - - - - - - - - - - - - - - - - - - - - - - - - - - - - - - - - - - - -
 
 INPUT ---       blabel(6)=Phi:cohort6;
 INPUT ---       blabel(7)=p:(Intercept);
 INPUT ---       blabel(8)=p:sexMale;
 INPUT ---       rlabel(1)=Phi gFemale c1 a0 t1;
 INPUT ---       rlabel(2)=Phi gFemale c2 a0 t2;
 INPUT ---       rlabel(3)=Phi gFemale c3 a0 t3;
 INPUT ---       rlabel(4)=Phi gFemale c4 a0 t4;
 INPUT ---       rlabel(5)=Phi gFemale c5 a0 t5;
 INPUT ---       rlabel(6)=Phi gFemale c6 a0 t6;
 INPUT ---       rlabel(7)=p gFemale c1 a1 t2;
 INPUT ---       rlabel(8)=p gMale c1 a1 t2;
   Model is { Phi(~cohort)p(~sex) }

 Link Function Used is LOGIT        

 Variance Estimation Procedure Used is 2ndPart 
 -2logL(saturated) = 582.47711     
 Effective Sample Size = 426

 Number of function evaluations was 23 for 8 parameters.
 For numerical optimization, CPU Time was 0.109 secs and System Time was 0.782 secs.
 -2logL { Phi(~cohort)p(~sex) } = 655.80189     
 Penalty { Phi(~cohort)p(~sex) } = 0.0000000     
 Gradient { Phi(~cohort)p(~sex) }:
   0.0000       0.0000       0.0000       0.0000       0.0000    
   0.0000       0.0000       0.0000    
 Maximum ABS(G) { Phi(~cohort)p(~sex) } =   0.0000    
 To compute VC matrix, CPU Time was 0.156 secs and System Time was 0.046 secs.
 S Vector { Phi(~cohort)p(~sex) }:
   117.2123      22.12577      20.66972      15.40569      11.75438    
   9.154311      2.053087      1.839997    
 To invert VC matrix, CPU Time was 0.001 secs and System Time was 0.001 secs.
 Ratio Threshold = 50.00 Max Gap (1/2) = 5.298 Next Max Gap (1/2) = 5.298
 Gap Method for Num. of Estimated Parameters { Phi(~cohort)p(~sex) } = 8          
 Numerical Threshold Method for Num. of Estimated Parameters { Phi(~cohort)p(~sex) } = 8          
 Number of Estimated Parameters { Phi(~cohort)p(~sex) } = 8          
 DEVIANCE { Phi(~cohort)p(~sex) } = 73.324780               
 DEVIANCE Degrees of Freedom { Phi(~cohort)p(~sex) } = 33          
 c-hat { Phi(~cohort)p(~sex) } = 2.2219630               
 AIC { Phi(~cohort)p(~sex) } = 671.80189               
 AICc { Phi(~cohort)p(~sex) } = 672.14722               
 BIC { Phi(~cohort)p(~sex) } = 704.23741               
 Pearson Chisquare { Phi(~cohort)p(~sex) } = 144.01828               
 Possible Encounter Histories { Phi(~cohort)p(~sex) } = 252          
 Pearson Chisquare df { Phi(~cohort)p(~sex) } = 232          
 Pearson chat { Phi(~cohort)p(~sex) } = 0.6207685               
 Sum(Observed/Expected) { Phi(~cohort)p(~sex) } = 176.20612               
 s-bar { Phi(~cohort)p(~sex) } = -0.3158078              

Program  MARK  - Survival Rate Estimation with Capture-Recapture Data
 gfortran(dble/PIM2) Vers. 11.2 Nov 2025  12-Feb-2026 14:04:13    Page  004
 - - - - - - - - - - - - - - - - - - - - - - - - - - - - - - - - - - - - - -
 
 Fletcher chat { Phi(~cohort)p(~sex) } = 0.9073013               
                LOGIT Link Function Parameters of { Phi(~cohort)p(~sex) }
                                                              95% Confidence Interval
    Parameter                  Beta         Standard Error     Lower           Upper
 -------------------------  --------------  --------------  --------------  --------------
    1:Phi:(Intercept)        0.3714394       0.2846053      -0.1863869       0.9292658    
    2:Phi:cohort2           -0.4184401       0.3552773      -1.1147836       0.2779034    
    3:Phi:cohort3           -0.5037727       0.3543018      -1.1982042       0.1906587    
    4:Phi:cohort4            0.2557493       0.3619811      -0.4537336       0.9652322    
    5:Phi:cohort5            0.2603574       0.3939498      -0.5117843       1.0324991    
    6:Phi:cohort6           -0.1454191       0.4404258      -1.0086537       0.7178155    
    7:p:(Intercept)          1.9544561       0.4131053       1.1447697       2.7641424    
    8:p:sexMale              0.5235887       0.6389621      -0.7287770       1.7759544    


                   Real Function Parameters of { Phi(~cohort)p(~sex) }
                                                               95% Confidence Interval
     Parameter                Estimate       Standard Error     Lower           Upper
 --------------------------  --------------  --------------  --------------  --------------
     1:Phi gFemale c1 a0 t1   0.5918067       0.0687525       0.4535377       0.7169263       
     2:Phi gFemale c2 a0 t2   0.4882520       0.0535713       0.3852717       0.5922392       
     3:Phi gFemale c3 a0 t3   0.4669649       0.0529786       0.3659790       0.5707323       
     4:Phi gFemale c4 a0 t4   0.6518517       0.0513102       0.5458813       0.7446605       
     5:Phi gFemale c5 a0 t5   0.6528968       0.0624024       0.5230074       0.7634158       
     6:Phi gFemale c6 a0 t6   0.5562658       0.0839762       0.3915510       0.7094754       
     7:p gFemale c1 a1 t2     0.8759317       0.0448944       0.7585543       0.9407071       
     8:p gMale c1 a1 t2       0.9225883       0.0363740       0.8145440       0.9700052       

 To compute parameter estimates, CPU Time was 0.016 secs and System Time was 0.016 secs.

 For procedure estimate CPU Time was 0.281 secs and System Time was 0.875 secs.

Program  MARK  - Survival Rate Estimation with Capture-Recapture Data
 gfortran(dble/PIM2) Vers. 11.2 Nov 2025  12-Feb-2026 14:04:13    Page  005
 - - - - - - - - - - - - - - - - - - - - - - - - - - - - - - - - - - - - - -
 


 INPUT --- proc stop;

 For this job, CPU Time in mins was 0.006 and System Time in mins was 0.015.

     Time Start = 14:04:12.686   Time End = 14:04:13.605

 Wall Clock Time in mins for this job was 0.015.

 Maximum of 19 words used.


          E X E C U T I O N   S U C C E S S F U L
