
 Program  MARK  - Survival Rate Estimation with Capture-Recapture Data
 gfortran(dble/PIM2) Vers. 11.2 Nov 2025   6-Feb-2026 15:12:02    Page  001
  
 - - - - - - - - - - - - - - - - - - - - - - - - - - - - - - - - - - - - - -
 
 Welcome to MARK emily on machine HAMANTTHINKS in subdirectory
   "C:\github\NTRES-6120\Lab 3 - Cormack Jolly Seber" running file "mark001.inp".
 This version was compiled by GCC version 15.2.0 using the options: 
  -cpp -iprefix C:/tdm-gcc-64/mingw64-15-2/bin/../lib/gcc/
  x86_64-w64-mingw32/15.2.0/ -D_MT -D_REENTRANT -U_REENTRANT -D
  dbleprecision -m64 -march=x86-64 -mtune=generic -mthreads -O3 -std=f2023
  -fimplicit-none -ffpe-summary=invalid,zero,overflow,underflow
  -funroll-loops -fno-unsafe-math-optimizations -frounding-math
  -fsignaling-nans -fprefetch-loop-arrays -fall-intrinsics -fopenmp

 This problem will use 11 of 12 possible threads.
 Static thread allocation is used.
 INPUT --- proc title ;

 For procedure title CPU Time was 0.001 secs and System Time was 0.001 secs.
 INPUT --- proc chmatrix occasions= 7 groups= 1 etype= Live Nodes= 101 
 INPUT --- ICMeans NoHist hist= 32 ;
 INPUT ---    time interval 1 1 1 1 1 1 ;
 INPUT ---    glabel(1)=Group 1;

      Number of unique encounter histories read was 32.

      Number of individual covariates read was 0.
      Time interval lengths are all equal to 1.

      Data type number is 1
      Data type is Live Recaptures (CJS)

 For procedure chmatrix CPU Time was 0.001 secs and System Time was 0.016 secs.

Program  MARK  - Survival Rate Estimation with Capture-Recapture Data
 gfortran(dble/PIM2) Vers. 11.2 Nov 2025   6-Feb-2026 15:12:02    Page  002
 - - - - - - - - - - - - - - - - - - - - - - - - - - - - - - - - - - - - - -
 


 INPUT --- proc estimate link=Logit NOLOOP varest=2ndPart    ;
 INPUT --- model={ Phi(~1)p(~1) };
 INPUT ---    group=1 Phi    rows=6 cols=6 Triang ;
 INPUT ---        1 1 1 1 1 1 ;
 INPUT ---        1 1 1 1 1 ;
 INPUT ---        1 1 1 1 ;
 INPUT ---        1 1 1 ;
 INPUT ---        1 1 ;
 INPUT ---        1 ;
 INPUT ---    group=1 p    rows=6 cols=6 Triang ;
 INPUT ---        2 2 2 2 2 2 ;
 INPUT ---        2 2 2 2 2 ;
 INPUT ---        2 2 2 2 ;
 INPUT ---        2 2 2 ;
 INPUT ---        2 2 ;
 INPUT ---        2 ;
 INPUT ---    design matrix constraints=2 covariates=2 identity;
 INPUT ---       blabel(1)=Phi:(Intercept);
 INPUT ---       blabel(2)=p:(Intercept);
 INPUT ---       rlabel(1)=Phi g1 c1 a0 t1;
 INPUT ---       rlabel(2)=p g1 c1 a1 t2;
   Model is { Phi(~1)p(~1) }

 Link Function Used is LOGIT        

 Variance Estimation Procedure Used is 2ndPart 
 -2logL(saturated) = 608.67978     
 Effective Sample Size = 426

 Number of function evaluations was 11 for 2 parameters.
 For numerical optimization, CPU Time was 0.016 secs and System Time was 0.032 secs.
 -2logL { Phi(~1)p(~1) } = 666.83766     
 Penalty { Phi(~1)p(~1) } = 0.0000000     
 Gradient { Phi(~1)p(~1) }:
   0.0000       0.0000    
 Maximum ABS(G) { Phi(~1)p(~1) } =   0.0000    
 To compute VC matrix, CPU Time was 0.001 secs and System Time was 0.001 secs.
 S Vector { Phi(~1)p(~1) }:
   103.5941      9.394114    
 To invert VC matrix, CPU Time was 0.001 secs and System Time was 0.001 secs.
 Gap Method for Num. of Estimated Parameters { Phi(~1)p(~1) } = 2          
 Numerical Threshold Method for Num. of Estimated Parameters { Phi(~1)p(~1) } = 2          
 Number of Estimated Parameters { Phi(~1)p(~1) } = 2          
 DEVIANCE { Phi(~1)p(~1) } = 58.157883               
 DEVIANCE Degrees of Freedom { Phi(~1)p(~1) } = 23          
 c-hat { Phi(~1)p(~1) } = 2.5286036               

Program  MARK  - Survival Rate Estimation with Capture-Recapture Data
 gfortran(dble/PIM2) Vers. 11.2 Nov 2025   6-Feb-2026 15:12:02    Page  003
 - - - - - - - - - - - - - - - - - - - - - - - - - - - - - - - - - - - - - -
 
 AIC { Phi(~1)p(~1) } = 670.83766               
 AICc { Phi(~1)p(~1) } = 670.86603               
 BIC { Phi(~1)p(~1) } = 678.94654               
 Pearson Chisquare { Phi(~1)p(~1) } = 120.23566               
 Possible Encounter Histories { Phi(~1)p(~1) } = 126          
 Pearson Chisquare df { Phi(~1)p(~1) } = 118          
 Pearson chat { Phi(~1)p(~1) } = 1.0189463               
 Sum(Observed/Expected) { Phi(~1)p(~1) } = 99.843240               
 s-bar { Phi(~1)p(~1) } = -0.2179730              
 Fletcher chat { Phi(~1)p(~1) } = 1.3029553               


                    LOGIT Link Function Parameters of { Phi(~1)p(~1) }
                                                              95% Confidence Interval
    Parameter                  Beta         Standard Error     Lower           Upper
 -------------------------  --------------  --------------  --------------  --------------
    1:Phi:(Intercept)        0.2421484       0.1020127       0.0422034       0.4420933    
    2:p:(Intercept)          2.2262660       0.3251094       1.5890516       2.8634803    


                       Real Function Parameters of { Phi(~1)p(~1) }
                                                               95% Confidence Interval
     Parameter                Estimate       Standard Error     Lower           Upper
 --------------------------  --------------  --------------  --------------  --------------
     1:Phi g1 c1 a0 t1        0.5602430       0.0251330       0.5105493       0.6087577       
     2:p g1 c1 a1 t2          0.9025835       0.0285857       0.8304826       0.9460113       

 To compute parameter estimates, CPU Time was 0.001 secs and System Time was 1.703 secs.

 For procedure estimate CPU Time was 0.016 secs and System Time was 1.735 secs.

Program  MARK  - Survival Rate Estimation with Capture-Recapture Data
 gfortran(dble/PIM2) Vers. 11.2 Nov 2025   6-Feb-2026 15:12:04    Page  004
 - - - - - - - - - - - - - - - - - - - - - - - - - - - - - - - - - - - - - -
 


 INPUT --- proc stop;

 For this job, CPU Time in mins was 0.002 and System Time in mins was 0.030.

     Time Start = 15:12:02.339   Time End = 15:12:04.167

 Wall Clock Time in mins for this job was 0.030.

 Maximum of 19 words used.


          E X E C U T I O N   S U C C E S S F U L
