
 Program  MARK  - Survival Rate Estimation with Capture-Recapture Data
 gfortran(dble/PIM2) Vers. 11.2 Nov 2025   6-Feb-2026 15:55:04    Page  001
  
 - - - - - - - - - - - - - - - - - - - - - - - - - - - - - - - - - - - - - -
 
 Welcome to MARK emily on machine HAMANTTHINKS in subdirectory
   "C:\github\NTRES-6120\Lab 3 - Cormack Jolly Seber" running file "mark003.inp".
 This version was compiled by GCC version 15.2.0 using the options: 
  -cpp -iprefix C:/tdm-gcc-64/mingw64-15-2/bin/../lib/gcc/
  x86_64-w64-mingw32/15.2.0/ -D_MT -D_REENTRANT -U_REENTRANT -D
  dbleprecision -m64 -march=x86-64 -mtune=generic -mthreads -O3 -std=f2023
  -fimplicit-none -ffpe-summary=invalid,zero,overflow,underflow
  -funroll-loops -fno-unsafe-math-optimizations -frounding-math
  -fsignaling-nans -fprefetch-loop-arrays -fall-intrinsics -fopenmp

 This problem will use 11 of 12 possible threads.
 Static thread allocation is used.
 INPUT --- proc title ;

 For procedure title CPU Time was 0.001 secs and System Time was 0.001 secs.
 INPUT --- proc chmatrix occasions= 7 groups= 2 etype= Live Nodes= 101 
 INPUT --- ICMeans NoHist hist= 55 ;
 INPUT ---    time interval 1 1 1 1 1 1 ;
 INPUT ---    glabel(1)=sexFemale;
 INPUT ---    glabel(2)=sexMale;

   * *  WARNING  * *   At least a pair of the encounter histories are duplicates. 

      Number of unique encounter histories read was 32.

      Number of individual covariates read was 0.
      Time interval lengths are all equal to 1.

      Data type number is 1
      Data type is Live Recaptures (CJS)

 For procedure chmatrix CPU Time was 0.016 secs and System Time was 0.016 secs.

Program  MARK  - Survival Rate Estimation with Capture-Recapture Data
 gfortran(dble/PIM2) Vers. 11.2 Nov 2025   6-Feb-2026 15:55:04    Page  002
 - - - - - - - - - - - - - - - - - - - - - - - - - - - - - - - - - - - - - -
 


 INPUT --- proc estimate link=Logit NOLOOP varest=2ndPart    ;
 INPUT --- model={ Phi(~Cohort)p(~sex) };
 INPUT ---    group=1 Phi    rows=6 cols=6 Triang ;
 INPUT ---        1 1 1 1 1 1 ;
 INPUT ---        2 2 2 2 2 ;
 INPUT ---        3 3 3 3 ;
 INPUT ---        4 4 4 ;
 INPUT ---        5 5 ;
 INPUT ---        6 ;
 INPUT ---    group=2 Phi    rows=6 cols=6 Triang ;
 INPUT ---        1 1 1 1 1 1 ;
 INPUT ---        2 2 2 2 2 ;
 INPUT ---        3 3 3 3 ;
 INPUT ---        4 4 4 ;
 INPUT ---        5 5 ;
 INPUT ---        6 ;
 INPUT ---    group=1 p    rows=6 cols=6 Triang ;
 INPUT ---        7 7 7 7 7 7 ;
 INPUT ---        7 7 7 7 7 ;
 INPUT ---        7 7 7 7 ;
 INPUT ---        7 7 7 ;
 INPUT ---        7 7 ;
 INPUT ---        7 ;
 INPUT ---    group=2 p    rows=6 cols=6 Triang ;
 INPUT ---        8 8 8 8 8 8 ;
 INPUT ---        8 8 8 8 8 ;
 INPUT ---        8 8 8 8 ;
 INPUT ---        8 8 8 ;
 INPUT ---        8 8 ;
 INPUT ---        8 ;
 INPUT ---    design matrix constraints=8 covariates=4;
 INPUT ---        1 0 0 0;
 INPUT ---        1 1 0 0;
 INPUT ---        1 2 0 0;
 INPUT ---        1 3 0 0;
 INPUT ---        1 4 0 0;
 INPUT ---        1 5 0 0;
 INPUT ---        0 0 1 0;
 INPUT ---        0 0 1 1;
 INPUT ---       blabel(1)=Phi:(Intercept);
 INPUT ---       blabel(2)=Phi:Cohort;
 INPUT ---       blabel(3)=p:(Intercept);
 INPUT ---       blabel(4)=p:sexMale;
 INPUT ---       rlabel(1)=Phi gFemale c1 a0 t1;

Program  MARK  - Survival Rate Estimation with Capture-Recapture Data
 gfortran(dble/PIM2) Vers. 11.2 Nov 2025   6-Feb-2026 15:55:04    Page  003
 - - - - - - - - - - - - - - - - - - - - - - - - - - - - - - - - - - - - - -
 
 INPUT ---       rlabel(2)=Phi gFemale c2 a0 t2;
 INPUT ---       rlabel(3)=Phi gFemale c3 a0 t3;
 INPUT ---       rlabel(4)=Phi gFemale c4 a0 t4;
 INPUT ---       rlabel(5)=Phi gFemale c5 a0 t5;
 INPUT ---       rlabel(6)=Phi gFemale c6 a0 t6;
 INPUT ---       rlabel(7)=p gFemale c1 a1 t2;
 INPUT ---       rlabel(8)=p gMale c1 a1 t2;
   Model is { Phi(~Cohort)p(~sex) }

 Link Function Used is LOGIT        

 Variance Estimation Procedure Used is 2ndPart 
 -2logL(saturated) = 582.47711     
 Effective Sample Size = 426

 Number of function evaluations was 16 for 4 parameters.
 For numerical optimization, CPU Time was 0.031 secs and System Time was 1.234 secs.
 -2logL { Phi(~Cohort)p(~sex) } = 664.05667     
 Penalty { Phi(~Cohort)p(~sex) } = 0.0000000     
 Gradient { Phi(~Cohort)p(~sex) }:
   0.0000       0.0000       0.0000       0.0000    
 Maximum ABS(G) { Phi(~Cohort)p(~sex) } =   0.0000    
 To compute VC matrix, CPU Time was 0.001 secs and System Time was 0.016 secs.
 S Vector { Phi(~Cohort)p(~sex) }:
   124.4644      11.54615      6.834187      2.085428    
 To invert VC matrix, CPU Time was 0.001 secs and System Time was 0.001 secs.
 Ratio Threshold = 50.00 Max Gap (1/2) = 10.78 Next Max Gap (1/2) = 10.78
 Gap Method for Num. of Estimated Parameters { Phi(~Cohort)p(~sex) } = 4          
 Numerical Threshold Method for Num. of Estimated Parameters { Phi(~Cohort)p(~sex) } = 4          
 Number of Estimated Parameters { Phi(~Cohort)p(~sex) } = 4          
 DEVIANCE { Phi(~Cohort)p(~sex) } = 81.579562               
 DEVIANCE Degrees of Freedom { Phi(~Cohort)p(~sex) } = 37          
 c-hat { Phi(~Cohort)p(~sex) } = 2.2048530               
 AIC { Phi(~Cohort)p(~sex) } = 672.05667               
 AICc { Phi(~Cohort)p(~sex) } = 672.15169               
 BIC { Phi(~Cohort)p(~sex) } = 688.27443               
 Pearson Chisquare { Phi(~Cohort)p(~sex) } = 195.26555               
 Possible Encounter Histories { Phi(~Cohort)p(~sex) } = 252          
 Pearson Chisquare df { Phi(~Cohort)p(~sex) } = 236          
 Pearson chat { Phi(~Cohort)p(~sex) } = 0.8273964               
 Sum(Observed/Expected) { Phi(~Cohort)p(~sex) } = 222.87608               
 s-bar { Phi(~Cohort)p(~sex) } = -0.1213497              
 Fletcher chat { Phi(~Cohort)p(~sex) } = 0.9416674               

Program  MARK  - Survival Rate Estimation with Capture-Recapture Data
 gfortran(dble/PIM2) Vers. 11.2 Nov 2025   6-Feb-2026 15:55:05    Page  004
 - - - - - - - - - - - - - - - - - - - - - - - - - - - - - - - - - - - - - -
 
                LOGIT Link Function Parameters of { Phi(~Cohort)p(~sex) }
                                                              95% Confidence Interval
    Parameter                  Beta         Standard Error     Lower           Upper
 -------------------------  --------------  --------------  --------------  --------------
    1:Phi:(Intercept)        0.0217164       0.1833219      -0.3375945       0.3810273    
    2:Phi:Cohort             0.0994265       0.0688171      -0.0354551       0.2343080    
    3:p:(Intercept)          1.9304118       0.4096771       1.1274446       2.7333789    
    4:p:sexMale              0.5085285       0.6329671      -0.7320871       1.7491441    


                   Real Function Parameters of { Phi(~Cohort)p(~sex) }
                                                               95% Confidence Interval
     Parameter                Estimate       Standard Error     Lower           Upper
 --------------------------  --------------  --------------  --------------  --------------
     1:Phi gFemale c1 a0 t1   0.5054289       0.0458251       0.4163939       0.5941208       
     2:Phi gFemale c2 a0 t2   0.5302487       0.0330093       0.4654052       0.5940869       
     3:Phi gFemale c3 a0 t3   0.5549198       0.0258909       0.5037765       0.6049259       
     4:Phi gFemale c4 a0 t4   0.5793232       0.0287196       0.5222404       0.6343608       
     5:Phi gFemale c5 a0 t5   0.6033450       0.0387796       0.5254335       0.6763445       
     6:Phi gFemale c6 a0 t6   0.6268785       0.0512981       0.5222334       0.7208547       
     7:p gFemale c1 a1 t2     0.8732950       0.0453311       0.7553670       0.9389678       
     8:p gMale c1 a1 t2       0.9197489       0.0372953       0.8097811       0.9686075       

 To compute parameter estimates, CPU Time was 0.016 secs and System Time was 0.001 secs.

 For procedure estimate CPU Time was 0.078 secs and System Time was 1.281 secs.

Program  MARK  - Survival Rate Estimation with Capture-Recapture Data
 gfortran(dble/PIM2) Vers. 11.2 Nov 2025   6-Feb-2026 15:55:05    Page  005
 - - - - - - - - - - - - - - - - - - - - - - - - - - - - - - - - - - - - - -
 


 INPUT --- proc stop;

 For this job, CPU Time in mins was 0.002 and System Time in mins was 0.022.

     Time Start = 15:55:04.527   Time End = 15:55:05.837

 Wall Clock Time in mins for this job was 0.022.

 Maximum of 19 words used.


          E X E C U T I O N   S U C C E S S F U L
